\BOOKMARK [1][-]{section.1}{\376\377\000T\000a\000s\000k\000\040\0001\000\040\040\024\000\040\000C\000o\000u\000n\000t\000y\000-\000t\000o\000-\000C\000o\000u\000n\000t\000y\000\040\000F\000r\000e\000i\000g\000h\000t\000\040\000F\000l\000o\000w\000\040\000M\000a\000t\000r\000i\000x}{}% 1
\BOOKMARK [2][-]{subsection.1.1}{\376\377\000D\000a\000t\000a\000\040\000S\000c\000o\000p\000e\000\040\000a\000n\000d\000\040\000F\000l\000o\000w\000\040\000C\000l\000a\000s\000s\000i\000f\000i\000c\000a\000t\000i\000o\000n}{section.1}% 2
\BOOKMARK [2][-]{subsection.1.2}{\376\377\000F\000l\000o\000w\000-\000T\000y\000p\000e\000\040\000a\000n\000d\000\040\000M\000o\000d\000e\000\040\000B\000r\000e\000a\000k\000d\000o\000w\000n}{section.1}% 3
\BOOKMARK [2][-]{subsection.1.3}{\376\377\000S\000t\000a\000t\000e\000-\000L\000e\000v\000e\000l\000\040\000S\000u\000m\000m\000a\000r\000i\000e\000s\000\040\000a\000n\000d\000\040\000P\000a\000r\000e\000t\000o\000\040\000A\000n\000a\000l\000y\000s\000i\000s}{section.1}% 4
\BOOKMARK [1][-]{section.2}{\376\377\000T\000a\000s\000k\000\040\0002\000\040\040\024\000\040\000G\000l\000o\000b\000a\000l\000,\000\040\000C\000o\000n\000t\000i\000n\000e\000n\000t\000a\000l\000,\000\040\000a\000n\000d\000\040\000N\000a\000t\000i\000o\000n\000a\000l\000\040\000I\000n\000t\000e\000r\000f\000a\000c\000e\000\040\000N\000o\000d\000e\000s}{}% 5
\BOOKMARK [2][-]{subsection.2.1}{\376\377\000E\000x\000t\000e\000r\000n\000a\000l\000\040\000F\000l\000o\000w\000\040\000I\000s\000o\000l\000a\000t\000i\000o\000n\000\040\000a\000n\000d\000\040\000B\000u\000c\000k\000e\000t\000\040\000A\000s\000s\000i\000g\000n\000m\000e\000n\000t}{section.2}% 6
\BOOKMARK [2][-]{subsection.2.2}{\376\377\000G\000l\000o\000b\000a\000l\000\040\000I\000n\000t\000e\000r\000f\000a\000c\000e\000\040\000N\000o\000d\000e\000s\000:\000\040\000S\000e\000a\000p\000o\000r\000t\000s\000\040\000a\000n\000d\000\040\000C\000a\000r\000g\000o\000\040\000A\000i\000r\000p\000o\000r\000t\000s}{section.2}% 7
\BOOKMARK [2][-]{subsection.2.3}{\376\377\000C\000o\000n\000t\000i\000n\000e\000n\000t\000a\000l\000\040\000I\000n\000t\000e\000r\000f\000a\000c\000e\000\040\000N\000o\000d\000e\000s\000:\000\040\000U\000S\040\023\000C\000a\000n\000a\000d\000a\000\040\000B\000o\000r\000d\000e\000r\000\040\000C\000r\000o\000s\000s\000i\000n\000g\000s}{section.2}% 8
\BOOKMARK [2][-]{subsection.2.4}{\376\377\000N\000a\000t\000i\000o\000n\000a\000l\000\040\000I\000n\000t\000e\000r\000f\000a\000c\000e\000\040\000N\000o\000d\000e\000s\000:\000\040\000E\000x\000t\000e\000r\000n\000a\000l\000\040\000D\000o\000m\000e\000s\000t\000i\000c\000\040\000H\000u\000b\000s}{section.2}% 9
\BOOKMARK [2][-]{subsection.2.5}{\376\377\000S\000u\000m\000m\000a\000r\000y\000\040\000o\000f\000\040\000I\000n\000t\000e\000r\000f\000a\000c\000e\000\040\000N\000o\000d\000e\000\040\000T\000i\000e\000r\000\040\000S\000t\000r\000u\000c\000t\000u\000r\000e}{section.2}% 10
\BOOKMARK [1][-]{section.3}{\376\377\000T\000a\000s\000k\000\040\0003\000\040\040\024\000\040\000D\000e\000m\000a\000n\000d\000\040\000M\000a\000p\000p\000i\000n\000g\000\040\000a\000n\000d\000\040\000R\000e\000g\000i\000o\000n\000\040\000C\000l\000u\000s\000t\000e\000r\000i\000n\000g}{}% 11
\BOOKMARK [2][-]{subsection.3.1}{\376\377\000D\000e\000m\000a\000n\000d\000\040\000M\000a\000p\000p\000i\000n\000g\000\040\000a\000n\000d\000\040\000I\000n\000f\000r\000a\000s\000t\000r\000u\000c\000t\000u\000r\000e\000\040\000O\000v\000e\000r\000l\000a\000y\000\040\000\050\000T\000a\000s\000k\000\040\0003\000.\0001\000\051}{section.3}% 12
\BOOKMARK [2][-]{subsection.3.2}{\376\377\000G\000r\000a\000p\000h\000\040\000C\000o\000n\000s\000t\000r\000u\000c\000t\000i\000o\000n\000\040\000a\000n\000d\000\040\000A\000d\000j\000a\000c\000e\000n\000c\000y}{section.3}% 13
\BOOKMARK [2][-]{subsection.3.3}{\376\377\000S\000i\000m\000u\000l\000a\000t\000e\000d\000\040\000A\000n\000n\000e\000a\000l\000i\000n\000g\000\040\000F\000o\000r\000m\000u\000l\000a\000t\000i\000o\000n\000\040\000\050\000T\000a\000s\000k\000\040\0003\000.\0002\000\051}{section.3}% 14
\BOOKMARK [2][-]{subsection.3.4}{\376\377\000W\000a\000r\000m\000\040\000S\000t\000a\000r\000t\000\040\000a\000n\000d\000\040\000S\000e\000a\000r\000c\000h\000\040\000C\000o\000n\000f\000i\000g\000u\000r\000a\000t\000i\000o\000n}{section.3}% 15
\BOOKMARK [2][-]{subsection.3.5}{\376\377\000R\000e\000s\000u\000l\000t\000s\000\040\000a\000n\000d\000\040\000Q\000u\000a\000l\000i\000t\000y\000\040\000A\000s\000s\000e\000s\000s\000m\000e\000n\000t}{section.3}% 16
\BOOKMARK [1][-]{section.4}{\376\377\000T\000a\000s\000k\000\040\0004\000\040\040\024\000\040\000R\000e\000g\000i\000o\000n\000a\000l\000\040\000H\000u\000b\000\040\000C\000a\000n\000d\000i\000d\000a\000t\000e\000\040\000S\000c\000r\000e\000e\000n\000i\000n\000g}{}% 17
\BOOKMARK [2][-]{subsection.4.1}{\376\377\000D\000a\000t\000a\000\040\000S\000o\000u\000r\000c\000e\000\040\000a\000n\000d\000\040\000R\000a\000w\000\040\000P\000o\000o\000l}{section.4}% 18
\BOOKMARK [2][-]{subsection.4.2}{\376\377\000S\000c\000r\000e\000e\000n\000i\000n\000g\000\040\000F\000i\000l\000t\000e\000r\000s}{section.4}% 19
\BOOKMARK [2][-]{subsection.4.3}{\376\377\000C\000a\000n\000d\000i\000d\000a\000t\000e\000\040\000P\000o\000o\000l\000\040\000C\000h\000a\000r\000a\000c\000t\000e\000r\000i\000z\000a\000t\000i\000o\000n}{section.4}% 20
\BOOKMARK [2][-]{subsection.4.4}{\376\377\000G\000e\000o\000g\000r\000a\000p\000h\000i\000c\000\040\000D\000i\000s\000t\000r\000i\000b\000u\000t\000i\000o\000n}{section.4}% 21
\BOOKMARK [2][-]{subsection.4.5}{\376\377\000C\000a\000n\000d\000i\000d\000a\000t\000e\000\040\000C\000l\000a\000s\000s\000i\000f\000i\000c\000a\000t\000i\000o\000n\000\040\000a\000n\000d\000\040\000D\000o\000w\000n\000s\000t\000r\000e\000a\000m\000\040\000U\000s\000e}{section.4}% 22
\BOOKMARK [1][-]{section.5}{\376\377\000T\000a\000s\000k\000\040\0005\000\040\040\024\000\040\000R\000e\000g\000i\000o\000n\000a\000l\000\040\000H\000u\000b\000\040\000S\000e\000l\000e\000c\000t\000i\000o\000n\000\040\000a\000n\000d\000\040\000N\000e\000t\000w\000o\000r\000k\000\040\000D\000e\000s\000i\000g\000n}{}% 23
\BOOKMARK [2][-]{subsection.5.1}{\376\377\000C\000a\000n\000d\000i\000d\000a\000t\000e\000\040\000P\000r\000e\000-\000P\000r\000o\000c\000e\000s\000s\000i\000n\000g\000:\000\040\000S\000e\000t\000\040\000H\000\040\000a\000n\000d\000\040\000F\000e\000a\000s\000i\000b\000i\000l\000i\000t\000y\000\040\000S\000e\000t\000\040\000Z}{section.5}% 24
\BOOKMARK [2][-]{subsection.5.2}{\376\377\000M\000I\000P\000\040\000F\000o\000r\000m\000u\000l\000a\000t\000i\000o\000n}{section.5}% 25
\BOOKMARK [2][-]{subsection.5.3}{\376\377\000S\000o\000l\000u\000t\000i\000o\000n\000\040\000a\000n\000d\000\040\000H\000u\000b\000\040\000C\000h\000a\000r\000a\000c\000t\000e\000r\000i\000z\000a\000t\000i\000o\000n}{section.5}% 26
\BOOKMARK [2][-]{subsection.5.4}{\376\377\000F\000l\000o\000w\000-\000W\000e\000i\000g\000h\000t\000e\000d\000\040\000N\000e\000t\000w\000o\000r\000k\000\040\000T\000o\000p\000o\000l\000o\000g\000y}{section.5}% 27
\BOOKMARK [1][-]{section.6}{\376\377\000T\000a\000s\000k\000\040\0006\000\040\040\024\000\040\000G\000a\000t\000e\000w\000a\000y\000\040\000H\000u\000b\000\040\000D\000e\000s\000i\000g\000n}{}% 28
\BOOKMARK [2][-]{subsection.6.1}{\376\377\000P\000h\000a\000s\000e\000\040\0001\000\040\040\024\000\040\000A\000r\000e\000a\000\040\000C\000l\000u\000s\000t\000e\000r\000i\000n\000g}{section.6}% 29
\BOOKMARK [3][-]{subsubsection.6.1.1}{\376\377\000R\000e\000g\000i\000o\000n\000\040\000T\000y\000p\000e\000\040\000C\000l\000a\000s\000s\000i\000f\000i\000c\000a\000t\000i\000o\000n}{subsection.6.1}% 30
\BOOKMARK [3][-]{subsubsection.6.1.2}{\376\377\000S\000A\000\040\000O\000b\000j\000e\000c\000t\000i\000v\000e\000\040\000a\000n\000d\000\040\000A\000l\000g\000o\000r\000i\000t\000h\000m}{subsection.6.1}% 31
\BOOKMARK [3][-]{subsubsection.6.1.3}{\376\377\000A\000r\000e\000a\000\040\000C\000l\000u\000s\000t\000e\000r\000i\000n\000g\000\040\000R\000e\000s\000u\000l\000t\000s}{subsection.6.1}% 32
\BOOKMARK [2][-]{subsection.6.2}{\376\377\000P\000h\000a\000s\000e\000\040\0002\000\040\040\024\000\040\000G\000a\000t\000e\000w\000a\000y\000\040\000H\000u\000b\000\040\000S\000e\000l\000e\000c\000t\000i\000o\000n}{section.6}% 33
\BOOKMARK [3][-]{subsubsection.6.2.1}{\376\377\000C\000a\000n\000d\000i\000d\000a\000t\000e\000\040\000S\000e\000t\000\040\000G\000\040\000a\000n\000d\000\040\000F\000e\000a\000s\000i\000b\000i\000l\000i\000t\000y\000\040\000S\000e\000t\000\040\000Z\000g\000w}{subsection.6.2}% 34
\BOOKMARK [3][-]{subsubsection.6.2.2}{\376\377\000M\000I\000P\000\040\000F\000o\000r\000m\000u\000l\000a\000t\000i\000o\000n}{subsection.6.2}% 35
\BOOKMARK [3][-]{subsubsection.6.2.3}{\376\377\000S\000o\000l\000u\000t\000i\000o\000n\000\040\000a\000n\000d\000\040\000G\000a\000t\000e\000w\000a\000y\000\040\000C\000h\000a\000r\000a\000c\000t\000e\000r\000i\000s\000a\000t\000i\000o\000n}{subsection.6.2}% 36
\BOOKMARK [2][-]{subsection.6.3}{\376\377\000N\000e\000t\000w\000o\000r\000k\000\040\000L\000i\000n\000k\000\040\000D\000e\000f\000i\000n\000i\000t\000i\000o\000n}{section.6}% 37
\BOOKMARK [1][-]{section.7}{\376\377\000T\000a\000s\000k\000\040\0007\000\040\040\024\000\040\000M\000u\000l\000t\000i\000-\000T\000i\000e\000r\000\040\000I\000n\000t\000e\000g\000r\000a\000t\000i\000o\000n}{}% 38
\BOOKMARK [2][-]{subsection.7.1}{\376\377\000U\000n\000i\000f\000i\000e\000d\000\040\000N\000o\000d\000e\000\040\000C\000a\000t\000a\000l\000o\000g}{section.7}% 39
\BOOKMARK [2][-]{subsection.7.2}{\376\377\000U\000n\000i\000f\000i\000e\000d\000\040\000E\000d\000g\000e\000\040\000C\000a\000t\000a\000l\000o\000g\000\040\000a\000n\000d\000\040\000V\000a\000l\000i\000d\000a\000t\000i\000o\000n}{section.7}% 40
\BOOKMARK [2][-]{subsection.7.3}{\376\377\000I\000n\000t\000e\000g\000r\000a\000t\000e\000d\000\040\000G\000e\000o\000g\000r\000a\000p\000h\000y\000\040\000a\000n\000d\000\040\000H\000i\000e\000r\000a\000r\000c\000h\000y}{section.7}% 41
